<?xml version="1.0" encoding="UTF-8" ?>
<testsuite failures="0" time="0.171" errors="1" skipped="0" tests="5" name="com.ideas.snakeladder.SnakeLadderGameTest">
  <properties>
[...]
</properties>
  <testcase time="0" classname="com.ideas.snakeladder.SnakeLadderGameTest" name="testStartSnakeLadderGame"/>
  <testcase time="0.047" classname="com.ideas.snakeladder.SnakeLadderGameTest" name="play_when_PositionIsLast">
    <error message="org.mockito.internal.creation.MockSettingsImpl.setMockName(Lorg/mockito/mock/MockName;)Lorg/mockito/internal/creation/settings/CreationSettings;" type="java.lang.NoSuchMethodError">java.lang.NoSuchMethodError: org.mockito.internal.creation.MockSettingsImpl.setMockName(Lorg/mockito/mock/MockName;)Lorg/mockito/internal/creation/settings/CreationSettings;
	at org.powermock.api.mockito.internal.mockcreation.MockCreator.createMethodInvocationControl(MockCreator.java:107)
	at org.powermock.api.mockito.internal.mockcreation.MockCreator.mock(MockCreator.java:60)
	at org.powermock.api.mockito.PowerMockito.spy(PowerMockito.java:220)
	at com.ideas.snakeladder.SnakeLadderGameTest.play_when_PositionIsLast(SnakeLadderGameTest.java:40)
	at sun.reflect.NativeMethodAccessorImpl.invoke0(Native Method)
	at sun.reflect.NativeMethodAccessorImpl.invoke(Unknown Source)
	at sun.reflect.DelegatingMethodAccessorImpl.invoke(Unknown Source)
	at java.lang.reflect.Method.invoke(Unknown Source)
	at org.junit.internal.runners.TestMethod.invoke(TestMethod.java:59)
	at org.junit.internal.runners.MethodRoadie.runTestMethod(MethodRoadie.java:98)
	at org.junit.internal.runners.MethodRoadie$2.run(MethodRoadie.java:79)
	at org.junit.internal.runners.MethodRoadie.runBeforesThenTestThenAfters(MethodRoadie.java:87)
	at org.junit.internal.runners.MethodRoadie.runTest(MethodRoadie.java:77)
	at org.junit.internal.runners.MethodRoadie.run(MethodRoadie.java:42)
	at org.junit.internal.runners.JUnit4ClassRunner.invokeTestMethod(JUnit4ClassRunner.java:88)
	at org.junit.internal.runners.JUnit4ClassRunner.runMethods(JUnit4ClassRunner.java:51)
	at org.junit.internal.runners.JUnit4ClassRunner$1.run(JUnit4ClassRunner.java:44)
	at org.junit.internal.runners.ClassRoadie.runUnprotected(ClassRoadie.java:27)
	at org.junit.internal.runners.ClassRoadie.runProtected(ClassRoadie.java:37)
	at org.junit.internal.runners.JUnit4ClassRunner.run(JUnit4ClassRunner.java:42)
	at org.mockito.internal.runners.JUnit44RunnerImpl.run(JUnit44RunnerImpl.java:37)
	at org.mockito.runners.MockitoJUnitRunner.run(MockitoJUnitRunner.java:63)
	at org.apache.maven.surefire.junit4.JUnit4TestSet.execute(JUnit4TestSet.java:53)
	at org.apache.maven.surefire.junit4.JUnit4Provider.executeTestSet(JUnit4Provider.java:123)
	at org.apache.maven.surefire.junit4.JUnit4Provider.invoke(JUnit4Provider.java:104)
	at sun.reflect.NativeMethodAccessorImpl.invoke0(Native Method)
	at sun.reflect.NativeMethodAccessorImpl.invoke(Unknown Source)
	at sun.reflect.DelegatingMethodAccessorImpl.invoke(Unknown Source)
	at java.lang.reflect.Method.invoke(Unknown Source)
	at org.apache.maven.surefire.util.ReflectionUtils.invokeMethodWithArray(ReflectionUtils.java:164)
	at org.apache.maven.surefire.booter.ProviderFactory$ProviderProxy.invoke(ProviderFactory.java:110)
	at org.apache.maven.surefire.booter.SurefireStarter.invokeProvider(SurefireStarter.java:175)
	at org.apache.maven.surefire.booter.SurefireStarter.runSuitesInProcessWhenForked(SurefireStarter.java:107)
	at org.apache.maven.surefire.booter.ForkedBooter.main(ForkedBooter.java:68)
</error>
    <system-out>Snakes already awake 
ladders already set 
*******Board is Ready**********
Snakes already awake 
ladders already set 
*******Board is Ready**********
</system-out>
  </testcase>
  <testcase time="0" classname="com.ideas.snakeladder.SnakeLadderGameTest" name="play_when_PositionIsAny"/>
  <testcase time="0" classname="com.ideas.snakeladder.SnakeLadderGameTest" name="play_when_PositionIsSnakeHead"/>
  <testcase time="0" classname="com.ideas.snakeladder.SnakeLadderGameTest" name="play_when_PositionIsLadderBottom"/>
</testsuite>